<?xml version="1.0" encoding="UTF-8"?>
<!-- Generated by org.testng.reporters.JUnitReportReporter -->
<testsuite hostname="DESKTOP-SFQQR9U" failures="0" tests="3" name="appfeaturesStef1.AppRunnerClass" time="0.449" errors="3" timestamp="2024-05-04T14:23:01 IST" skipped="0">
  <testcase classname="appfeaturesStef1.AppRunnerClass" name="runScenario" time="0.015">
    <error message="inStream parameter is null" type="java.lang.NullPointerException">
      <![CDATA[java.lang.NullPointerException: inStream parameter is null
at java.base/java.util.Objects.requireNonNull(Objects.java:233)
at java.base/java.util.Properties.load(Properties.java:408)
at util1.ConfigReader.readConfig(ConfigReader.java:16)
at appfeaturesStef1.AppHooks.initBrowser(AppHooks.java:23)
]]>
    </error>
  </testcase> <!-- runScenario -->
  <system-out/>
  <testcase classname="appfeaturesStef1.AppRunnerClass" name="runScenario" time="0.419">
    <error message="inStream parameter is null" type="java.lang.NullPointerException">
      <![CDATA[java.lang.NullPointerException: inStream parameter is null
at java.base/java.util.Objects.requireNonNull(Objects.java:233)
at java.base/java.util.Properties.load(Properties.java:408)
at util1.ConfigReader.readConfig(ConfigReader.java:16)
at appfeaturesStef1.AppHooks.initBrowser(AppHooks.java:23)
]]>
    </error>
  </testcase> <!-- runScenario -->
  <system-out/>
  <testcase classname="appfeaturesStef1.AppRunnerClass" name="runScenario" time="0.015">
    <error message="inStream parameter is null" type="java.lang.NullPointerException">
      <![CDATA[java.lang.NullPointerException: inStream parameter is null
at java.base/java.util.Objects.requireNonNull(Objects.java:233)
at java.base/java.util.Properties.load(Properties.java:408)
at util1.ConfigReader.readConfig(ConfigReader.java:16)
at appfeaturesStef1.AppHooks.initBrowser(AppHooks.java:23)
]]>
    </error>
  </testcase> <!-- runScenario -->
  <system-out/>
</testsuite> <!-- appfeaturesStef1.AppRunnerClass -->
